<?xml version="1.0" encoding="UTF-8"?>
<!-- Generated by org.testng.reporters.JUnitXMLReporter -->
<testsuite hostname="Amar" ignored="0" name="Chrome" tests="2" failures="1" timestamp="2022-03-04T11:46:26 IST" time="259.573" errors="0">
  <testcase name="create_Org_Test" time="57.38" classname="com.Vtiger.TC.TC001_CreateOrganization_Test">
    <failure type="java.lang.AssertionError" message="expected [Boyer, Stanton and Goyette] but found [SONY_TYSS537]">
      <![CDATA[java.lang.AssertionError: expected [Boyer, Stanton and Goyette] but found [SONY_TYSS537]
at com.Vtiger.TC.TC001_CreateOrganization_Test.create_Org_Test(TC001_CreateOrganization_Test.java:48)
at java.util.ArrayList.forEach(ArrayList.java:1257)
... Removed 32 stack frames]]>
    </failure>
  </testcase> <!-- create_Org_Test -->
  <testcase name="create_emptyorg_Test" time="22.888" classname="com.Vtiger.TC.TC001_CreateOrganization_Test"/>
</testsuite> <!-- Chrome -->
