<?xml version="1.0" encoding="UTF-8"?>
<!-- Generated by org.testng.reporters.JUnitXMLReporter -->
<testsuite hostname="Amar" ignored="8" name="Test" tests="7" failures="2" timestamp="2022-02-21T17:48:41 IST" time="0.323" errors="0">
  <testcase name="CreateContact" time="0.019" classname="testng.practice.All_Annotation">
    <failure type="java.lang.AssertionError" message="expected [false] but found [true]">
      <![CDATA[java.lang.AssertionError: expected [false] but found [true]
at testng.practice.All_Annotation.CreateContact(All_Annotation.java:31)
at java.util.ArrayList.forEach(ArrayList.java:1257)
... Removed 32 stack frames]]>
    </failure>
  </testcase> <!-- CreateContact -->
  <testcase name="CreateContactwithPhone" time="0.008" classname="testng.practice.All_Annotation"/>
  <testcase name="A" time="0.003" classname="testng.practice.TestNG_1">
    <failure type="java.lang.AssertionError" message="expected [false] but found [true]">
      <![CDATA[java.lang.AssertionError: expected [false] but found [true]
at testng.practice.TestNG_1.A(TestNG_1.java:12)
at java.util.ArrayList.forEach(ArrayList.java:1257)
... Removed 31 stack frames]]>
    </failure>
  </testcase> <!-- A -->
  <testcase name="B" time="0.02" classname="testng.practice.TestNG_1"/>
  <testcase name="C" time="0.002" classname="testng.practice.TestNG_1"/>
  <testcase name="C" time="0.014" classname="testng.practice.TestNG_2"/>
  <testcase name="D" time="0.005" classname="testng.practice.TestNG_2"/>
  <testcase name="@AfterTest at" time="0.0" classname="testng.practice.Base">
    <ignored/>
  </testcase> <!-- @AfterTest at -->
  <testcase name="@AfterTest at" time="0.0" classname="testng.practice.Base">
    <ignored/>
  </testcase> <!-- @AfterTest at -->
  <testcase name="@BeforeSuite bs" time="0.0" classname="testng.practice.Base">
    <ignored/>
  </testcase> <!-- @BeforeSuite bs -->
  <testcase name="@BeforeSuite bs" time="0.0" classname="testng.practice.Base">
    <ignored/>
  </testcase> <!-- @BeforeSuite bs -->
  <testcase name="@BeforeTest bt" time="0.0" classname="testng.practice.Base">
    <ignored/>
  </testcase> <!-- @BeforeTest bt -->
  <testcase name="@BeforeTest bt" time="0.0" classname="testng.practice.Base">
    <ignored/>
  </testcase> <!-- @BeforeTest bt -->
  <testcase name="@AfterSuite as" time="0.0" classname="testng.practice.Base">
    <ignored/>
  </testcase> <!-- @AfterSuite as -->
  <testcase name="@AfterSuite as" time="0.0" classname="testng.practice.Base">
    <ignored/>
  </testcase> <!-- @AfterSuite as -->
</testsuite> <!-- Test -->
