<?xml version="1.0" encoding="UTF-8"?>
<!-- Generated by org.testng.reporters.JUnitReportReporter -->
<testsuite skipped="0" hostname="Amar" name="practice_test.CalendarHandling" tests="4" failures="0" timestamp="2022-02-24T12:40:28 IST" time="171.914" errors="0">
  <testcase name="selectcity" time="35.181" classname="practice_test.CalendarHandling"/>
  <system-out/>
  <testcase name="selectcity" time="36.733" classname="practice_test.CalendarHandling"/>
  <system-out/>
  <testcase name="selectcity" time="63.535" classname="practice_test.CalendarHandling"/>
  <system-out/>
  <testcase name="selectcity" time="36.465" classname="practice_test.CalendarHandling"/>
  <system-out/>
</testsuite> <!-- practice_test.CalendarHandling -->
