<?xml version="1.0" encoding="UTF-8"?>
<!-- Generated by org.testng.reporters.JUnitReportReporter -->
<testsuite skipped="0" hostname="Amar" name="testng.practice.DataProvider1" tests="4" failures="0" timestamp="2022-02-22T12:17:20 IST" time="0.025" errors="0">
  <testcase name="travel" time="0.004" classname="testng.practice.DataProvider1"/>
  <system-out/>
  <testcase name="travel" time="0.003" classname="testng.practice.DataProvider1"/>
  <system-out/>
  <testcase name="travel" time="0.014" classname="testng.practice.DataProvider1"/>
  <system-out/>
  <testcase name="travel" time="0.004" classname="testng.practice.DataProvider1"/>
  <system-out/>
</testsuite> <!-- testng.practice.DataProvider1 -->
