<?xml version="1.0" encoding="UTF-8"?>
<!-- Generated by org.testng.reporters.JUnitReportReporter -->
<testsuite skipped="0" hostname="Amar" name="testng.practice.TestNG_1" tests="3" failures="0" timestamp="2022-02-22T12:03:23 IST" time="0.047" errors="0">
  <testcase name="B" time="0.038" classname="testng.practice.TestNG_1"/>
  <system-out/>
  <testcase name="C" time="0.004" classname="testng.practice.TestNG_1"/>
  <system-out/>
  <testcase name="A" time="0.005" classname="testng.practice.TestNG_1"/>
  <system-out/>
</testsuite> <!-- testng.practice.TestNG_1 -->
