<?xml version="1.0" encoding="UTF-8"?>
<!-- Generated by org.testng.reporters.JUnitReportReporter -->
<testsuite skipped="0" hostname="Amar" name="testng.practice.DataProvoder_Excel" tests="6" failures="0" timestamp="2022-02-22T13:38:24 IST" time="0.082" errors="0">
  <testcase name="readExceldta" time="0.043" classname="testng.practice.DataProvoder_Excel"/>
  <system-out/>
  <testcase name="readExceldta" time="0.004" classname="testng.practice.DataProvoder_Excel"/>
  <system-out/>
  <testcase name="readExceldta" time="0.004" classname="testng.practice.DataProvoder_Excel"/>
  <system-out/>
  <testcase name="readExceldta" time="0.004" classname="testng.practice.DataProvoder_Excel"/>
  <system-out/>
  <testcase name="readExceldta" time="0.011" classname="testng.practice.DataProvoder_Excel"/>
  <system-out/>
  <testcase name="readExceldta" time="0.016" classname="testng.practice.DataProvoder_Excel"/>
  <system-out/>
</testsuite> <!-- testng.practice.DataProvoder_Excel -->
